<?xml version="1.0" encoding="UTF-8"?>
<testsuite name="pl.futurecollars.invoicing.db.InMemoryDatabaseTest" tests="10" skipped="0" failures="0" errors="0" timestamp="2021-08-13T15:50:19" hostname="LENOVO-PAWEL" time="0.019">
  <properties/>
  <testcase name="should inject database instance" classname="pl.futurecollars.invoicing.db.InMemoryDatabaseTest" time="0.001"/>
  <testcase name="should return empty collection if there is no invoices in base" classname="pl.futurecollars.invoicing.db.InMemoryDatabaseTest" time="0.001"/>
  <testcase name="should return empty optional if there is no invoice with given id" classname="pl.futurecollars.invoicing.db.InMemoryDatabaseTest" time="0.001"/>
  <testcase name="should return all saved invoices" classname="pl.futurecollars.invoicing.db.InMemoryDatabaseTest" time="0.001"/>
  <testcase name="should return invoice by id" classname="pl.futurecollars.invoicing.db.InMemoryDatabaseTest" time="0.001"/>
  <testcase name="should return invoices without deleted one" classname="pl.futurecollars.invoicing.db.InMemoryDatabaseTest" time="0.001"/>
  <testcase name="can delete all invoices" classname="pl.futurecollars.invoicing.db.InMemoryDatabaseTest" time="0.001"/>
  <testcase name="should update invoice" classname="pl.futurecollars.invoicing.db.InMemoryDatabaseTest" time="0.001"/>
  <testcase name="should throw illegalArgumentException if there is no id using update" classname="pl.futurecollars.invoicing.db.InMemoryDatabaseTest" time="0.001"/>
  <testcase name="should throw illegalArgumentException if there is no id using delete" classname="pl.futurecollars.invoicing.db.InMemoryDatabaseTest" time="0.001"/>
  <system-out><![CDATA[]]></system-out>
  <system-err><![CDATA[]]></system-err>
</testsuite>
