<?xml version="1.0" encoding="UTF-8"?>
<testsuite name="pl.futurecollars.invoicing.controller.invoice.InvoiceControllerTest" tests="10" skipped="0" failures="0" errors="0" timestamp="2021-08-13T15:50:12" hostname="LENOVO-PAWEL" time="2.884">
  <properties/>
  <testcase name="clearBase" classname="pl.futurecollars.invoicing.controller.invoice.InvoiceControllerTest" time="1.776"/>
  <testcase name="should return empty string if there is no invoices in base" classname="pl.futurecollars.invoicing.controller.invoice.InvoiceControllerTest" time="0.049"/>
  <testcase name="should return notFound response when try to get invoice by not existing id" classname="pl.futurecollars.invoicing.controller.invoice.InvoiceControllerTest" time="0.109"/>
  <testcase name="should save invoice to base" classname="pl.futurecollars.invoicing.controller.invoice.InvoiceControllerTest" time="0.507"/>
  <testcase name="should return invoice by existing id" classname="pl.futurecollars.invoicing.controller.invoice.InvoiceControllerTest" time="0.073"/>
  <testcase name="should return notFound response when try to update invoice by not existing id" classname="pl.futurecollars.invoicing.controller.invoice.InvoiceControllerTest" time="0.023"/>
  <testcase name="should update invoice by existing id" classname="pl.futurecollars.invoicing.controller.invoice.InvoiceControllerTest" time="0.118"/>
  <testcase name="should delete invoice by id" classname="pl.futurecollars.invoicing.controller.invoice.InvoiceControllerTest" time="0.048"/>
  <testcase name="should return notFound response when try to delete invoice by using not existing id" classname="pl.futurecollars.invoicing.controller.invoice.InvoiceControllerTest" time="0.017"/>
  <testcase name="should delete one out of few invoices" classname="pl.futurecollars.invoicing.controller.invoice.InvoiceControllerTest" time="0.152"/>
  <system-out><![CDATA[17:50:01.375 [Test worker] DEBUG org.springframework.test.context.support.AbstractDirtiesContextTestExecutionListener - Before test class: context [DefaultTestContext@367160ba testClass = InvoiceControllerTest, testInstance = [null], testMethod = [null], testException = [null], mergedContextConfiguration = [WebMergedContextConfiguration@389fecbe testClass = InvoiceControllerTest, locations = '{}', classes = '{class pl.futurecollars.invoicing.App}', contextInitializerClasses = '[]', activeProfiles = '{}', propertySourceLocations = '{}', propertySourceProperties = '{org.springframework.boot.test.context.SpringBootTestContextBootstrapper=true}', contextCustomizers = set[org.spockframework.spring.mock.SpockContextCustomizer@0, org.springframework.boot.test.autoconfigure.actuate.metrics.MetricsExportContextCustomizerFactory$DisableMetricExportContextCustomizer@6907104b, org.springframework.boot.test.autoconfigure.properties.PropertyMappingContextCustomizer@4b3fa0b3, org.springframework.boot.test.autoconfigure.web.servlet.WebDriverContextCustomizerFactory$Customizer@6a582cc8, [ImportsContextCustomizer@61bfb381 key = [org.springframework.boot.test.autoconfigure.web.servlet.MockMvcAutoConfiguration, org.springframework.boot.test.autoconfigure.web.servlet.MockMvcWebClientAutoConfiguration, org.springframework.boot.test.autoconfigure.web.servlet.MockMvcWebDriverAutoConfiguration, org.springframework.boot.autoconfigure.security.oauth2.client.servlet.OAuth2ClientAutoConfiguration, org.springframework.boot.autoconfigure.security.oauth2.resource.servlet.OAuth2ResourceServerAutoConfiguration, org.springframework.boot.autoconfigure.security.servlet.SecurityAutoConfiguration, org.springframework.boot.autoconfigure.security.servlet.SecurityFilterAutoConfiguration, org.springframework.boot.autoconfigure.security.servlet.UserDetailsServiceAutoConfiguration, org.springframework.boot.test.autoconfigure.web.servlet.MockMvcSecurityConfiguration]], org.springframework.boot.test.context.filter.ExcludeFilterContextCustomizer@2e19f7b, org.springframework.boot.test.json.DuplicateJsonObjectContextCustomizerFactory$DuplicateJsonObjectContextCustomizer@11f507d0, org.springframework.boot.test.mock.mockito.MockitoContextCustomizer@0, org.springframework.boot.test.web.client.TestRestTemplateContextCustomizer@27a94e16, org.springframework.boot.test.context.SpringBootTestArgs@1, org.springframework.boot.test.context.SpringBootTestWebEnvironment@2195ac5], resourceBasePath = 'src/main/webapp', contextLoader = 'org.springframework.boot.test.context.SpringBootContextLoader', parent = [null]], attributes = map['org.springframework.test.context.web.ServletTestExecutionListener.activateListener' -> true]], class annotated with @DirtiesContext [false] with mode [null].
17:50:01.438 [Test worker] DEBUG org.springframework.test.context.support.TestPropertySourceUtils - Adding inlined properties to environment: {spring.jmx.enabled=false, org.springframework.boot.test.context.SpringBootTestContextBootstrapper=true}

  .   ____          _            __ _ _
 /\\ / ___'_ __ _ _(_)_ __  __ _ \ \ \ \
( ( )\___ | '_ | '_| | '_ \/ _` | \ \ \ \
 \\/  ___)| |_)| | | | | || (_| |  ) ) ) )
  '  |____| .__|_| |_|_| |_\__, | / / / /
 =========|_|==============|___/=/_/_/_/
 :: Spring Boot ::                (v2.5.1)

2021-08-13 17:50:02.187  INFO 5020 --- [    Test worker] p.f.i.c.invoice.InvoiceControllerTest    : Starting InvoiceControllerTest using Java 14.0.2 on Lenovo-Pawel with PID 5020 (started by Pawel in C:\FUTURE_COLLARS\invoicing-system-pawel-czerwinski\app)
2021-08-13 17:50:02.189  INFO 5020 --- [    Test worker] p.f.i.c.invoice.InvoiceControllerTest    : The following profiles are active: jpa
2021-08-13 17:50:03.984  INFO 5020 --- [    Test worker] .s.d.r.c.RepositoryConfigurationDelegate : Bootstrapping Spring Data JPA repositories in DEFAULT mode.
2021-08-13 17:50:04.111  INFO 5020 --- [    Test worker] .s.d.r.c.RepositoryConfigurationDelegate : Finished Spring Data repository scanning in 105 ms. Found 1 JPA repository interfaces.
2021-08-13 17:50:04.982  INFO 5020 --- [    Test worker] com.zaxxer.hikari.HikariDataSource       : HikariPool-1 - Starting...
2021-08-13 17:50:05.523  INFO 5020 --- [    Test worker] com.zaxxer.hikari.HikariDataSource       : HikariPool-1 - Start completed.
2021-08-13 17:50:05.845  INFO 5020 --- [    Test worker] o.hibernate.jpa.internal.util.LogHelper  : HHH000204: Processing PersistenceUnitInfo [name: default]
2021-08-13 17:50:05.965  INFO 5020 --- [    Test worker] org.hibernate.Version                    : HHH000412: Hibernate ORM core version 5.4.32.Final
2021-08-13 17:50:06.267  INFO 5020 --- [    Test worker] o.hibernate.annotations.common.Version   : HCANN000001: Hibernate Commons Annotations {5.1.2.Final}
2021-08-13 17:50:06.534  INFO 5020 --- [    Test worker] org.hibernate.dialect.Dialect            : HHH000400: Using dialect: org.hibernate.dialect.PostgreSQL94Dialect
2021-08-13 17:50:07.741  INFO 5020 --- [    Test worker] o.h.e.t.j.p.i.JtaPlatformInitiator       : HHH000490: Using JtaPlatform implementation: [org.hibernate.engine.transaction.jta.platform.internal.NoJtaPlatform]
2021-08-13 17:50:07.753  INFO 5020 --- [    Test worker] j.LocalContainerEntityManagerFactoryBean : Initialized JPA EntityManagerFactory for persistence unit 'default'
2021-08-13 17:50:08.488  INFO 5020 --- [    Test worker] p.f.invoicing.db.DatabaseConfiguration   : JPA database is in use
2021-08-13 17:50:09.307  WARN 5020 --- [    Test worker] JpaBaseConfiguration$JpaWebConfiguration : spring.jpa.open-in-view is enabled by default. Therefore, database queries may be performed during view rendering. Explicitly configure spring.jpa.open-in-view to disable this warning
2021-08-13 17:50:11.654  INFO 5020 --- [    Test worker] o.s.b.t.m.w.SpringBootMockServletContext : Initializing Spring TestDispatcherServlet ''
2021-08-13 17:50:11.654  INFO 5020 --- [    Test worker] o.s.t.web.servlet.TestDispatcherServlet  : Initializing Servlet ''
2021-08-13 17:50:11.658  INFO 5020 --- [    Test worker] o.s.t.web.servlet.TestDispatcherServlet  : Completed initialization in 3 ms
2021-08-13 17:50:12.497  INFO 5020 --- [    Test worker] p.f.i.c.invoice.InvoiceControllerTest    : Started InvoiceControllerTest in 11.044 seconds (JVM running for 14.27)
2021-08-13 17:50:15.109 ERROR 5020 --- [    Test worker] p.f.invoicing.db.sql.jpa.JpaDatabase     : Id: 99999 not found. Update impossible
2021-08-13 17:50:15.293 ERROR 5020 --- [    Test worker] p.f.invoicing.db.sql.jpa.JpaDatabase     : There is no such id for delete invoice
]]></system-out>
  <system-err><![CDATA[]]></system-err>
</testsuite>
