<?xml version="1.0" encoding="UTF-8"?>
<testsuite name="pl.futurecollars.invoicing.db.DatabaseConfigurationTest" tests="2" skipped="0" failures="0" errors="0" timestamp="2021-08-13T15:50:19" hostname="LENOVO-PAWEL" time="0.02">
  <properties/>
  <testcase name="should provide new IdProvider" classname="pl.futurecollars.invoicing.db.DatabaseConfigurationTest" time="0.011"/>
  <testcase name="should provide fileBasedDatabase " classname="pl.futurecollars.invoicing.db.DatabaseConfigurationTest" time="0.008"/>
  <system-out><![CDATA[
  .   ____          _            __ _ _
 /\\ / ___'_ __ _ _(_)_ __  __ _ \ \ \ \
( ( )\___ | '_ | '_| | '_ \/ _` | \ \ \ \
 \\/  ___)| |_)| | | | | || (_| |  ) ) ) )
  '  |____| .__|_| |_|_| |_\__, | / / / /
 =========|_|==============|___/=/_/_/_/
 :: Spring Boot ::                (v2.5.1)

2021-08-13 17:50:15.965  INFO 5020 --- [    Test worker] p.f.i.db.DatabaseConfigurationTest       : Starting DatabaseConfigurationTest using Java 14.0.2 on Lenovo-Pawel with PID 5020 (started by Pawel in C:\FUTURE_COLLARS\invoicing-system-pawel-czerwinski\app)
2021-08-13 17:50:15.966 DEBUG 5020 --- [    Test worker] p.f.i.db.DatabaseConfigurationTest       : Running with Spring Boot v2.5.1, Spring v5.3.8
2021-08-13 17:50:15.966  INFO 5020 --- [    Test worker] p.f.i.db.DatabaseConfigurationTest       : The following profiles are active: file
2021-08-13 17:50:16.713  INFO 5020 --- [    Test worker] .s.d.r.c.RepositoryConfigurationDelegate : Bootstrapping Spring Data JPA repositories in DEFAULT mode.
2021-08-13 17:50:16.768  INFO 5020 --- [    Test worker] .s.d.r.c.RepositoryConfigurationDelegate : Finished Spring Data repository scanning in 54 ms. Found 1 JPA repository interfaces.
2021-08-13 17:50:17.038  INFO 5020 --- [    Test worker] com.zaxxer.hikari.HikariDataSource       : HikariPool-2 - Starting...
2021-08-13 17:50:17.045  INFO 5020 --- [    Test worker] com.zaxxer.hikari.HikariDataSource       : HikariPool-2 - Start completed.
2021-08-13 17:50:17.130  INFO 5020 --- [    Test worker] o.hibernate.jpa.internal.util.LogHelper  : HHH000204: Processing PersistenceUnitInfo [name: default]
2021-08-13 17:50:17.220  INFO 5020 --- [    Test worker] org.hibernate.dialect.Dialect            : HHH000400: Using dialect: org.hibernate.dialect.H2Dialect
2021-08-13 17:50:17.418  INFO 5020 --- [    Test worker] o.h.e.t.j.p.i.JtaPlatformInitiator       : HHH000490: Using JtaPlatform implementation: [org.hibernate.engine.transaction.jta.platform.internal.NoJtaPlatform]
2021-08-13 17:50:17.419  INFO 5020 --- [    Test worker] j.LocalContainerEntityManagerFactoryBean : Initialized JPA EntityManagerFactory for persistence unit 'default'
2021-08-13 17:50:17.461  INFO 5020 --- [    Test worker] p.f.invoicing.db.DatabaseConfiguration   : File based database is in use
2021-08-13 17:50:17.818  WARN 5020 --- [    Test worker] JpaBaseConfiguration$JpaWebConfiguration : spring.jpa.open-in-view is enabled by default. Therefore, database queries may be performed during view rendering. Explicitly configure spring.jpa.open-in-view to disable this warning
2021-08-13 17:50:19.209  INFO 5020 --- [    Test worker] p.f.i.db.DatabaseConfigurationTest       : Started DatabaseConfigurationTest in 3.32 seconds (JVM running for 20.983)
]]></system-out>
  <system-err><![CDATA[]]></system-err>
</testsuite>
